Rebooted
      Local time: Sun 2020-05-03 00:16:59 EEST
Rebooted
      Local time: Sun 2020-05-03 07:17:04 EEST
Rebooted
      Local time: Sun 2020-05-03 14:13:14 EEST
Rebooted
      Local time: Sun 2020-05-03 14:18:44 EEST
Rebooted
      Local time: Sun 2020-05-03 19:18:47 EEST
Rebooted
      Local time: Mon 2020-05-04 09:57:46 EEST
Rebooted
      Local time: Mon 2020-05-04 17:16:37 EEST
Rebooted
      Local time: Tue 2020-05-05 19:50:25 EEST
Rebooted
      Local time: Tue 2020-05-05 19:54:47 EEST
Rebooted
      Local time: Tue 2020-05-05 19:57:34 EEST
Rebooted
      Local time: Tue 2020-05-05 19:59:16 EEST
Rebooted
      Local time: Tue 2020-05-05 20:05:10 EEST
Rebooted
      Local time: Tue 2020-05-05 20:05:36 EEST
Rebooted
      Local time: Tue 2020-05-05 20:06:53 EEST
Rebooted
      Local time: Tue 2020-05-05 20:07:11 EEST
Rebooted
      Local time: Tue 2020-05-05 20:08:55 EEST
Rebooted
      Local time: Tue 2020-05-05 20:20:08 EEST
Rebooted
      Local time: Tue 2020-05-05 20:33:48 EEST
Rebooted
      Local time: Tue 2020-05-05 22:04:42 EEST
Rebooted
      Local time: Tue 2020-05-05 22:07:37 EEST
Rebooted
      Local time: Wed 2020-05-06 17:01:42 EEST
Rebooted
      Local time: Thu 2020-05-07 12:16:06 EEST
Rebooted
      Local time: Thu 2020-05-07 17:34:08 EEST
Rebooted:  Mon May 11 03:37:52 EEST 2020
