Rebooted:  Sat May 16 23:56:51 EEST 2020
Rebooted:  Sun May 17 17:59:07 EEST 2020
Rebooted:  Sun May 17 18:03:36 EEST 2020
Rebooted:  Sun May 17 18:04:55 EEST 2020
Rebooted:  Sun May 17 18:26:35 EEST 2020
Rebooted:  Sun May 17 18:35:59 EEST 2020
Rebooted:  Mon May 18 02:08:16 EEST 2020
Rebooted:  Mon May 18 02:09:43 EEST 2020
Rebooted:  Mon May 18 02:15:43 EEST 2020
Rebooted:  Mon May 18 13:10:08 EEST 2020
Rebooted:  Mon May 18 13:12:17 EEST 2020
Rebooted:  Mon May 18 19:37:34 EEST 2020
Rebooted:  Mon May 18 23:29:35 EEST 2020
Rebooted:  Mon May 18 23:30:31 EEST 2020
Rebooted:  Fri May 22 19:29:47 EEST 2020
Rebooted:  Mon May 25 15:07:52 EEST 2020
Rebooted:  Mon 01 Jun 2020 09:16:18 PM EEST
Rebooted:  Mon 01 Jun 2020 09:36:44 PM EEST
Rebooted:  Mon 01 Jun 2020 09:54:41 PM EEST
Rebooted:  Mon 01 Jun 2020 10:33:48 PM EEST
Rebooted:  Wed 03 Jun 2020 02:00:18 PM EEST
Rebooted:  Thu 04 Jun 2020 12:57:40 AM EEST
Rebooted:  Thu 04 Jun 2020 04:36:29 PM EEST
Started:  Wed 10 Jun 2020 11:26:06 PM EEST
Started:  Wed 10 Jun 2020 11:26:59 PM EEST
Started:  Wed 10 Jun 2020 11:42:57 PM EEST
Started:  Thu 11 Jun 2020 12:08:23 AM EEST
Started:  Thu 11 Jun 2020 12:13:32 AM EEST
Started:  Thu 11 Jun 2020 01:00:08 PM EEST
Started:  Fri 12 Jun 2020 05:16:06 PM EEST
Started:  Sat 13 Jun 2020 09:39:28 PM EEST
Started:  Sat 13 Jun 2020 11:19:44 PM EEST
Started:  Sun 14 Jun 2020 06:01:25 PM EEST
